<?xml version="1.0" encoding="UTF-8"?>
<testsuite name="com.interfaces.controller.UserControllerTest" tests="3" skipped="0" failures="0" errors="0" timestamp="2025-10-13T09:58:26.763Z" hostname="DESKTOP-2ICGTE0" time="1.344">
  <properties/>
  <testcase name="testRegisterUser_Success()" classname="com.interfaces.controller.UserControllerTest" time="1.327"/>
  <testcase name="testRegisterUser_Fail()" classname="com.interfaces.controller.UserControllerTest" time="0.006"/>
  <testcase name="testGetUserById_Success()" classname="com.interfaces.controller.UserControllerTest" time="0.008"/>
  <system-out><![CDATA[16:58:28.043 [Test worker] INFO com.interfaces.controller.UserController -- [traceId: trace-001] Đã nhận request register
16:58:28.043 [Test worker] INFO com.interfaces.controller.UserController -- [traceId: trace-001] ✅ Successfully registered user
16:58:28.096 [Test worker] INFO com.interfaces.controller.UserController -- [traceId: trace-002] Đã nhận request register
16:58:28.096 [Test worker] ERROR com.interfaces.controller.UserController -- [traceId: trace-002] ❌ Error registering user: status=400, message=Bad Request, desc=Email already exists
16:58:28.104 [Test worker] INFO com.interfaces.controller.UserController -- [traceId: trace-003] Đã nhận request getUserByID id=123
16:58:28.108 [Test worker] INFO com.interfaces.controller.UserController -- [traceId: trace-003] ✅ Successfully fetched user id=123
]]></system-out>
  <system-err><![CDATA[WARNING: A Java agent has been loaded dynamically (C:\Users\lamba\.gradle\caches\modules-2\files-2.1\net.bytebuddy\byte-buddy-agent\1.14.13\979ce25f7d3096a2e82214ba7dc972a05ce7a171\byte-buddy-agent-1.14.13.jar)
WARNING: If a serviceability tool is in use, please run with -XX:+EnableDynamicAgentLoading to hide this warning
WARNING: If a serviceability tool is not in use, please run with -Djdk.instrument.traceUsage for more information
WARNING: Dynamic loading of agents will be disallowed by default in a future release
]]></system-err>
</testsuite>
