<?xml version="1.0" encoding="UTF-8"?>
<testsuite xmlns:xsi="http://www.w3.org/2001/XMLSchema-instance" xsi:noNamespaceSchemaLocation="https://maven.apache.org/surefire/maven-surefire-plugin/xsd/surefire-test-report.xsd" version="3.0.2" name="com.example.academicservice.AcademicServiceApplicationTests" time="4.969" tests="1" errors="0" skipped="0" failures="0">
  <properties>
[...]
</properties>
  <testcase name="contextLoads" classname="com.example.academicservice.AcademicServiceApplicationTests" time="0.289">
    <system-out><![CDATA[09:18:33.238 [main] INFO org.springframework.test.context.support.AnnotationConfigContextLoaderUtils -- Could not detect default configuration classes for test class [com.example.academicservice.AcademicServiceApplicationTests]: AcademicServiceApplicationTests does not declare any static, non-private, non-final, nested classes annotated with @Configuration.
09:18:33.327 [main] INFO org.springframework.boot.test.context.SpringBootTestContextBootstrapper -- Found @SpringBootConfiguration com.example.academicservice.AcademicServiceApplication for test class com.example.academicservice.AcademicServiceApplicationTests
09:18:33.456 [main] INFO org.springframework.boot.devtools.restart.RestartApplicationListener -- Restart disabled due to context in which it is running

  .   ____          _            __ _ _
 /\\ / ___'_ __ _ _(_)_ __  __ _ \ \ \ \
( ( )\___ | '_ | '_| | '_ \/ _` | \ \ \ \
 \\/  ___)| |_)| | | | | || (_| |  ) ) ) )
  '  |____| .__|_| |_|_| |_\__, | / / / /
 =========|_|==============|___/=/_/_/_/

 :: Spring Boot ::                (v3.5.6)

2026-01-09T09:18:33.708+07:00  INFO 21660 --- [AcademicService] [           main] c.e.a.AcademicServiceApplicationTests    : Starting AcademicServiceApplicationTests using Java 21.0.8 with PID 21660 (started by soha in D:\project-git\Project-share-document\studydocs\AcademicService)
2026-01-09T09:18:33.710+07:00  INFO 21660 --- [AcademicService] [           main] c.e.a.AcademicServiceApplicationTests    : No active profile set, falling back to 1 default profile: "default"
2026-01-09T09:18:34.333+07:00  INFO 21660 --- [AcademicService] [           main] .s.d.r.c.RepositoryConfigurationDelegate : Bootstrapping Spring Data JPA repositories in DEFAULT mode.
2026-01-09T09:18:34.400+07:00  INFO 21660 --- [AcademicService] [           main] .s.d.r.c.RepositoryConfigurationDelegate : Finished Spring Data repository scanning in 49 ms. Found 4 JPA repository interfaces.
2026-01-09T09:18:34.896+07:00 DEBUG 21660 --- [AcademicService] [           main] com.zaxxer.hikari.HikariConfig           : Class com.mysql.cj.jdbc.Driver found in Thread context class loader jdk.internal.loader.ClassLoaders$AppClassLoader@70dea4e
2026-01-09T09:18:35.215+07:00 DEBUG 21660 --- [AcademicService] [           main] o.f.c.i.s.classpath.ClassPathScanner     : Scanning for classpath resources at 'classpath:db/callback' ...
2026-01-09T09:18:35.215+07:00 DEBUG 21660 --- [AcademicService] [           main] o.f.c.i.s.classpath.ClassPathScanner     : Determining location urls for classpath:db/callback using ClassLoader jdk.internal.loader.ClassLoaders$AppClassLoader@70dea4e ...
2026-01-09T09:18:35.215+07:00 DEBUG 21660 --- [AcademicService] [           main] o.f.c.i.s.classpath.ClassPathScanner     : Unable to resolve location classpath:db/callback.
2026-01-09T09:18:35.215+07:00 DEBUG 21660 --- [AcademicService] [           main] o.f.c.i.s.classpath.ClassPathScanner     : Scanning for classpath resources at 'classpath:db/migration' ...
2026-01-09T09:18:35.215+07:00 DEBUG 21660 --- [AcademicService] [           main] o.f.c.i.s.classpath.ClassPathScanner     : Determining location urls for classpath:db/migration using ClassLoader jdk.internal.loader.ClassLoaders$AppClassLoader@70dea4e ...
2026-01-09T09:18:35.215+07:00 DEBUG 21660 --- [AcademicService] [           main] o.f.c.i.s.classpath.ClassPathScanner     : Scanning URL: file:/D:/project-git/Project-share-document/studydocs/AcademicService/target/classes/db/migration
2026-01-09T09:18:35.216+07:00 DEBUG 21660 --- [AcademicService] [           main] i.s.c.FileSystemClassPathLocationScanner : Scanning starting at classpath root in filesystem: D:\project-git\Project-share-document\studydocs\AcademicService\target\classes\
2026-01-09T09:18:35.217+07:00 DEBUG 21660 --- [AcademicService] [           main] i.s.c.FileSystemClassPathLocationScanner : Scanning for resources in path: D:\project-git\Project-share-document\studydocs\AcademicService\target\classes\db\migration (db/migration)
2026-01-09T09:18:35.218+07:00 DEBUG 21660 --- [AcademicService] [           main] o.f.c.i.s.classpath.ClassPathScanner     : Found resource: db/migration/V1__add_universities_table.sql
2026-01-09T09:18:35.218+07:00 DEBUG 21660 --- [AcademicService] [           main] o.f.c.i.s.classpath.ClassPathScanner     : Found resource: db/migration/V2__add_faculties_table.sql
2026-01-09T09:18:35.218+07:00 DEBUG 21660 --- [AcademicService] [           main] o.f.c.i.s.classpath.ClassPathScanner     : Found resource: db/migration/V3__add_departments_table.sql
2026-01-09T09:18:35.218+07:00 DEBUG 21660 --- [AcademicService] [           main] o.f.c.i.s.classpath.ClassPathScanner     : Found resource: db/migration/V4__add_majors_table.sql
2026-01-09T09:18:35.218+07:00 DEBUG 21660 --- [AcademicService] [           main] o.f.c.i.s.classpath.ClassPathScanner     : Scanning for classes at classpath:db/migration
2026-01-09T09:18:35.221+07:00 DEBUG 21660 --- [AcademicService] [           main] com.zaxxer.hikari.HikariConfig           : HikariPool-1 - configuration:
2026-01-09T09:18:35.224+07:00 DEBUG 21660 --- [AcademicService] [           main] com.zaxxer.hikari.HikariConfig           : allowPoolSuspension.............false
2026-01-09T09:18:35.224+07:00 DEBUG 21660 --- [AcademicService] [           main] com.zaxxer.hikari.HikariConfig           : autoCommit......................true
2026-01-09T09:18:35.224+07:00 DEBUG 21660 --- [AcademicService] [           main] com.zaxxer.hikari.HikariConfig           : catalog.........................none
2026-01-09T09:18:35.225+07:00 DEBUG 21660 --- [AcademicService] [           main] com.zaxxer.hikari.HikariConfig           : connectionInitSql...............none
2026-01-09T09:18:35.225+07:00 DEBUG 21660 --- [AcademicService] [           main] com.zaxxer.hikari.HikariConfig           : connectionTestQuery.............none
2026-01-09T09:18:35.225+07:00 DEBUG 21660 --- [AcademicService] [           main] com.zaxxer.hikari.HikariConfig           : connectionTimeout...............30000
2026-01-09T09:18:35.226+07:00 DEBUG 21660 --- [AcademicService] [           main] com.zaxxer.hikari.HikariConfig           : credentials.....................com.zaxxer.hikari.util.Credentials@15a8cebd
2026-01-09T09:18:35.226+07:00 DEBUG 21660 --- [AcademicService] [           main] com.zaxxer.hikari.HikariConfig           : dataSource......................none
2026-01-09T09:18:35.226+07:00 DEBUG 21660 --- [AcademicService] [           main] com.zaxxer.hikari.HikariConfig           : dataSourceClassName.............none
2026-01-09T09:18:35.226+07:00 DEBUG 21660 --- [AcademicService] [           main] com.zaxxer.hikari.HikariConfig           : dataSourceJNDI..................none
2026-01-09T09:18:35.227+07:00 DEBUG 21660 --- [AcademicService] [           main] com.zaxxer.hikari.HikariConfig           : dataSourceProperties............{password=<masked>}
2026-01-09T09:18:35.227+07:00 DEBUG 21660 --- [AcademicService] [           main] com.zaxxer.hikari.HikariConfig           : driverClassName................."com.mysql.cj.jdbc.Driver"
2026-01-09T09:18:35.227+07:00 DEBUG 21660 --- [AcademicService] [           main] com.zaxxer.hikari.HikariConfig           : exceptionOverride...............none
2026-01-09T09:18:35.227+07:00 DEBUG 21660 --- [AcademicService] [           main] com.zaxxer.hikari.HikariConfig           : exceptionOverrideClassName......none
2026-01-09T09:18:35.227+07:00 DEBUG 21660 --- [AcademicService] [           main] com.zaxxer.hikari.HikariConfig           : healthCheckProperties...........{}
2026-01-09T09:18:35.228+07:00 DEBUG 21660 --- [AcademicService] [           main] com.zaxxer.hikari.HikariConfig           : healthCheckRegistry.............none
2026-01-09T09:18:35.228+07:00 DEBUG 21660 --- [AcademicService] [           main] com.zaxxer.hikari.HikariConfig           : idleTimeout.....................600000
2026-01-09T09:18:35.228+07:00 DEBUG 21660 --- [AcademicService] [           main] com.zaxxer.hikari.HikariConfig           : initializationFailTimeout.......1
2026-01-09T09:18:35.228+07:00 DEBUG 21660 --- [AcademicService] [           main] com.zaxxer.hikari.HikariConfig           : isolateInternalQueries..........false
2026-01-09T09:18:35.228+07:00 DEBUG 21660 --- [AcademicService] [           main] com.zaxxer.hikari.HikariConfig           : jdbcUrl.........................jdbc:mysql://localhost:3306/academic_management?useSSL=false&serverTimezone=UTC&allowPublicKeyRetrieval=true
2026-01-09T09:18:35.228+07:00 DEBUG 21660 --- [AcademicService] [           main] com.zaxxer.hikari.HikariConfig           : keepaliveTime...................120000
2026-01-09T09:18:35.230+07:00 DEBUG 21660 --- [AcademicService] [           main] com.zaxxer.hikari.HikariConfig           : leakDetectionThreshold..........0
2026-01-09T09:18:35.230+07:00 DEBUG 21660 --- [AcademicService] [           main] com.zaxxer.hikari.HikariConfig           : maxLifetime.....................1800000
2026-01-09T09:18:35.230+07:00 DEBUG 21660 --- [AcademicService] [           main] com.zaxxer.hikari.HikariConfig           : maximumPoolSize.................10
2026-01-09T09:18:35.230+07:00 DEBUG 21660 --- [AcademicService] [           main] com.zaxxer.hikari.HikariConfig           : metricRegistry..................none
2026-01-09T09:18:35.230+07:00 DEBUG 21660 --- [AcademicService] [           main] com.zaxxer.hikari.HikariConfig           : metricsTrackerFactory...........none
2026-01-09T09:18:35.230+07:00 DEBUG 21660 --- [AcademicService] [           main] com.zaxxer.hikari.HikariConfig           : minimumIdle.....................10
2026-01-09T09:18:35.230+07:00 DEBUG 21660 --- [AcademicService] [           main] com.zaxxer.hikari.HikariConfig           : password........................<masked>
2026-01-09T09:18:35.231+07:00 DEBUG 21660 --- [AcademicService] [           main] com.zaxxer.hikari.HikariConfig           : poolName........................"HikariPool-1"
2026-01-09T09:18:35.231+07:00 DEBUG 21660 --- [AcademicService] [           main] com.zaxxer.hikari.HikariConfig           : readOnly........................false
2026-01-09T09:18:35.231+07:00 DEBUG 21660 --- [AcademicService] [           main] com.zaxxer.hikari.HikariConfig           : registerMbeans..................false
2026-01-09T09:18:35.231+07:00 DEBUG 21660 --- [AcademicService] [           main] com.zaxxer.hikari.HikariConfig           : scheduledExecutor...............none
2026-01-09T09:18:35.231+07:00 DEBUG 21660 --- [AcademicService] [           main] com.zaxxer.hikari.HikariConfig           : schema..........................none
2026-01-09T09:18:35.231+07:00 DEBUG 21660 --- [AcademicService] [           main] com.zaxxer.hikari.HikariConfig           : threadFactory...................internal
2026-01-09T09:18:35.231+07:00 DEBUG 21660 --- [AcademicService] [           main] com.zaxxer.hikari.HikariConfig           : transactionIsolation............default
2026-01-09T09:18:35.231+07:00 DEBUG 21660 --- [AcademicService] [           main] com.zaxxer.hikari.HikariConfig           : username........................"root"
2026-01-09T09:18:35.232+07:00 DEBUG 21660 --- [AcademicService] [           main] com.zaxxer.hikari.HikariConfig           : validationTimeout...............5000
2026-01-09T09:18:35.232+07:00  INFO 21660 --- [AcademicService] [           main] com.zaxxer.hikari.HikariDataSource       : HikariPool-1 - Starting...
2026-01-09T09:18:35.263+07:00 DEBUG 21660 --- [AcademicService] [           main] com.zaxxer.hikari.pool.PoolBase          : HikariPool-1 - Attempting to create/setup new connection (60ce5894-3243-4b26-86d4-76e165bf3f2d)
2026-01-09T09:18:35.456+07:00 DEBUG 21660 --- [AcademicService] [           main] com.zaxxer.hikari.pool.PoolBase          : HikariPool-1 - Established new connection (60ce5894-3243-4b26-86d4-76e165bf3f2d)
2026-01-09T09:18:35.457+07:00  INFO 21660 --- [AcademicService] [           main] com.zaxxer.hikari.pool.HikariPool        : HikariPool-1 - Added connection com.mysql.cj.jdbc.ConnectionImpl@598657cd
2026-01-09T09:18:35.458+07:00  INFO 21660 --- [AcademicService] [           main] com.zaxxer.hikari.HikariDataSource       : HikariPool-1 - Start completed.
2026-01-09T09:18:35.486+07:00 DEBUG 21660 --- [AcademicService] [           main] o.f.c.i.resource.ResourceNameValidator   : Validating V2__add_faculties_table.sql
2026-01-09T09:18:35.486+07:00 DEBUG 21660 --- [AcademicService] [           main] o.f.c.i.resource.ResourceNameValidator   : Validating V1__add_universities_table.sql
2026-01-09T09:18:35.487+07:00 DEBUG 21660 --- [AcademicService] [           main] o.f.c.i.resource.ResourceNameValidator   : Validating V3__add_departments_table.sql
2026-01-09T09:18:35.487+07:00 DEBUG 21660 --- [AcademicService] [           main] o.f.c.i.resource.ResourceNameValidator   : Validating V4__add_majors_table.sql
2026-01-09T09:18:35.497+07:00  INFO 21660 --- [AcademicService] [           main] org.flywaydb.core.FlywayExecutor         : Database: jdbc:mysql://localhost:3306/academic_management?useSSL=false&serverTimezone=UTC&allowPublicKeyRetrieval=true (MySQL 8.0)
2026-01-09T09:18:35.497+07:00 DEBUG 21660 --- [AcademicService] [           main] org.flywaydb.core.FlywayExecutor         : Database Type: MySQL
2026-01-09T09:18:35.497+07:00 DEBUG 21660 --- [AcademicService] [           main] org.flywaydb.core.FlywayExecutor         : Driver: MySQL Connector/J mysql-connector-j-9.4.0 (Revision: d680767849154c8e136dfc3d8a0ae4d9fefd1fb7)
2026-01-09T09:18:35.498+07:00 DEBUG 21660 --- [AcademicService] [           main] org.flywaydb.core.FlywayExecutor         : DDL Transactions Supported: false
2026-01-09T09:18:35.499+07:00 DEBUG 21660 --- [AcademicService] [           main] o.f.c.i.s.SchemaHistoryFactory           : Schemas: 
2026-01-09T09:18:35.499+07:00 DEBUG 21660 --- [AcademicService] [           main] o.f.c.i.s.SchemaHistoryFactory           : Default schema: null
2026-01-09T09:18:35.509+07:00 DEBUG 21660 --- [AcademicService] [           main] org.flywaydb.core.FlywayExecutor         : Scanning for script callbacks ...
2026-01-09T09:18:35.511+07:00 DEBUG 21660 --- [AcademicService] [           main] o.f.c.i.c.SqlScriptCallbackFactory       : Scanning for SQL callbacks ...
2026-01-09T09:18:35.516+07:00 DEBUG 21660 --- [AcademicService] [           main] o.f.core.internal.command.DbValidate     : Validating migrations ...
2026-01-09T09:18:35.519+07:00 DEBUG 21660 --- [AcademicService] [           main] o.f.c.a.c.ClassicConfiguration           : CherryPickConfigurationExtension not found
2026-01-09T09:18:35.528+07:00 DEBUG 21660 --- [AcademicService] [           main] o.f.core.internal.scanner.Scanner        : Filtering out resource: db/migration/V2__add_faculties_table.sql (filename: V2__add_faculties_table.sql)
2026-01-09T09:18:35.528+07:00 DEBUG 21660 --- [AcademicService] [           main] o.f.core.internal.scanner.Scanner        : Filtering out resource: db/migration/V1__add_universities_table.sql (filename: V1__add_universities_table.sql)
2026-01-09T09:18:35.528+07:00 DEBUG 21660 --- [AcademicService] [           main] o.f.core.internal.scanner.Scanner        : Filtering out resource: db/migration/V3__add_departments_table.sql (filename: V3__add_departments_table.sql)
2026-01-09T09:18:35.528+07:00 DEBUG 21660 --- [AcademicService] [           main] o.f.core.internal.scanner.Scanner        : Filtering out resource: db/migration/V4__add_majors_table.sql (filename: V4__add_majors_table.sql)
2026-01-09T09:18:35.529+07:00 DEBUG 21660 --- [AcademicService] [           main] o.f.core.internal.scanner.Scanner        : Filtering out resource: db/migration/V2__add_faculties_table.sql (filename: V2__add_faculties_table.sql)
2026-01-09T09:18:35.529+07:00 DEBUG 21660 --- [AcademicService] [           main] o.f.core.internal.scanner.Scanner        : Filtering out resource: db/migration/V1__add_universities_table.sql (filename: V1__add_universities_table.sql)
2026-01-09T09:18:35.529+07:00 DEBUG 21660 --- [AcademicService] [           main] o.f.core.internal.scanner.Scanner        : Filtering out resource: db/migration/V3__add_departments_table.sql (filename: V3__add_departments_table.sql)
2026-01-09T09:18:35.529+07:00 DEBUG 21660 --- [AcademicService] [           main] o.f.core.internal.scanner.Scanner        : Filtering out resource: db/migration/V4__add_majors_table.sql (filename: V4__add_majors_table.sql)
2026-01-09T09:18:35.529+07:00 DEBUG 21660 --- [AcademicService] [           main] o.f.core.internal.scanner.Scanner        : Filtering out resource: db/migration/V2__add_faculties_table.sql (filename: V2__add_faculties_table.sql)
2026-01-09T09:18:35.530+07:00 DEBUG 21660 --- [AcademicService] [           main] o.f.core.internal.scanner.Scanner        : Filtering out resource: db/migration/V1__add_universities_table.sql (filename: V1__add_universities_table.sql)
2026-01-09T09:18:35.530+07:00 DEBUG 21660 --- [AcademicService] [           main] o.f.core.internal.scanner.Scanner        : Filtering out resource: db/migration/V3__add_departments_table.sql (filename: V3__add_departments_table.sql)
2026-01-09T09:18:35.530+07:00 DEBUG 21660 --- [AcademicService] [           main] o.f.core.internal.scanner.Scanner        : Filtering out resource: db/migration/V4__add_majors_table.sql (filename: V4__add_majors_table.sql)
2026-01-09T09:18:35.530+07:00 DEBUG 21660 --- [AcademicService] [           main] o.f.core.internal.scanner.Scanner        : Filtering out resource: db/migration/V2__add_faculties_table.sql (filename: V2__add_faculties_table.sql)
2026-01-09T09:18:35.530+07:00 DEBUG 21660 --- [AcademicService] [           main] o.f.core.internal.scanner.Scanner        : Filtering out resource: db/migration/V1__add_universities_table.sql (filename: V1__add_universities_table.sql)
2026-01-09T09:18:35.531+07:00 DEBUG 21660 --- [AcademicService] [           main] o.f.core.internal.scanner.Scanner        : Filtering out resource: db/migration/V3__add_departments_table.sql (filename: V3__add_departments_table.sql)
2026-01-09T09:18:35.531+07:00 DEBUG 21660 --- [AcademicService] [           main] o.f.core.internal.scanner.Scanner        : Filtering out resource: db/migration/V4__add_majors_table.sql (filename: V4__add_majors_table.sql)
2026-01-09T09:18:35.550+07:00  INFO 21660 --- [AcademicService] [           main] o.f.core.internal.command.DbValidate     : Successfully validated 4 migrations (execution time 00:00.031s)
2026-01-09T09:18:35.553+07:00 DEBUG 21660 --- [AcademicService] [           main] o.f.core.internal.command.DbSchemas      : Skipping creation of existing schema: `academic_management`
2026-01-09T09:18:35.560+07:00 DEBUG 21660 --- [AcademicService] [l-1:housekeeper] com.zaxxer.hikari.pool.HikariPool        : HikariPool-1 - Pool stats (total=1/10, idle=0/10, active=1, waiting=0)
2026-01-09T09:18:35.560+07:00 DEBUG 21660 --- [AcademicService] [onnection-adder] com.zaxxer.hikari.pool.PoolBase          : HikariPool-1 - Attempting to create/setup new connection (b68b0f73-ed0e-49b1-bd40-127677379a77)
2026-01-09T09:18:35.561+07:00 DEBUG 21660 --- [AcademicService] [           main] o.f.c.a.c.ClassicConfiguration           : CherryPickConfigurationExtension not found
2026-01-09T09:18:35.564+07:00 DEBUG 21660 --- [AcademicService] [onnection-adder] com.zaxxer.hikari.pool.PoolBase          : HikariPool-1 - Established new connection (b68b0f73-ed0e-49b1-bd40-127677379a77)
2026-01-09T09:18:35.564+07:00 DEBUG 21660 --- [AcademicService] [onnection-adder] com.zaxxer.hikari.pool.HikariPool        : HikariPool-1 - Added connection com.mysql.cj.jdbc.ConnectionImpl@60b0c1e3
2026-01-09T09:18:35.564+07:00  INFO 21660 --- [AcademicService] [           main] o.f.core.internal.command.DbMigrate      : Current version of schema `academic_management`: 4
2026-01-09T09:18:35.566+07:00  INFO 21660 --- [AcademicService] [           main] o.f.core.internal.command.DbMigrate      : Schema `academic_management` is up to date. No migration necessary.
2026-01-09T09:18:35.574+07:00 DEBUG 21660 --- [AcademicService] [           main] org.flywaydb.core.FlywayExecutor         : Memory usage: 47 of 92M
2026-01-09T09:18:35.607+07:00 DEBUG 21660 --- [AcademicService] [onnection-adder] com.zaxxer.hikari.pool.HikariPool        : HikariPool-1 - After adding stats (total=2/10, idle=2/10, active=0, waiting=0)
2026-01-09T09:18:35.607+07:00 DEBUG 21660 --- [AcademicService] [onnection-adder] com.zaxxer.hikari.pool.PoolBase          : HikariPool-1 - Attempting to create/setup new connection (ca834a8b-293e-4cc2-8077-fa3b5e9d23c6)
2026-01-09T09:18:35.613+07:00 DEBUG 21660 --- [AcademicService] [onnection-adder] com.zaxxer.hikari.pool.PoolBase          : HikariPool-1 - Established new connection (ca834a8b-293e-4cc2-8077-fa3b5e9d23c6)
2026-01-09T09:18:35.615+07:00 DEBUG 21660 --- [AcademicService] [onnection-adder] com.zaxxer.hikari.pool.HikariPool        : HikariPool-1 - Added connection com.mysql.cj.jdbc.ConnectionImpl@76bf607e
2026-01-09T09:18:35.655+07:00 DEBUG 21660 --- [AcademicService] [onnection-adder] com.zaxxer.hikari.pool.HikariPool        : HikariPool-1 - After adding stats (total=3/10, idle=3/10, active=0, waiting=0)
2026-01-09T09:18:35.655+07:00 DEBUG 21660 --- [AcademicService] [onnection-adder] com.zaxxer.hikari.pool.PoolBase          : HikariPool-1 - Attempting to create/setup new connection (fc7e021b-9096-4711-9d82-ce08f09a4f3a)
2026-01-09T09:18:35.659+07:00 DEBUG 21660 --- [AcademicService] [onnection-adder] com.zaxxer.hikari.pool.PoolBase          : HikariPool-1 - Established new connection (fc7e021b-9096-4711-9d82-ce08f09a4f3a)
2026-01-09T09:18:35.659+07:00 DEBUG 21660 --- [AcademicService] [onnection-adder] com.zaxxer.hikari.pool.HikariPool        : HikariPool-1 - Added connection com.mysql.cj.jdbc.ConnectionImpl@e3efd83
2026-01-09T09:18:35.677+07:00  INFO 21660 --- [AcademicService] [           main] o.hibernate.jpa.internal.util.LogHelper  : HHH000204: Processing PersistenceUnitInfo [name: default]
2026-01-09T09:18:35.702+07:00 DEBUG 21660 --- [AcademicService] [onnection-adder] com.zaxxer.hikari.pool.HikariPool        : HikariPool-1 - After adding stats (total=4/10, idle=4/10, active=0, waiting=0)
2026-01-09T09:18:35.702+07:00 DEBUG 21660 --- [AcademicService] [onnection-adder] com.zaxxer.hikari.pool.PoolBase          : HikariPool-1 - Attempting to create/setup new connection (724336d0-5d81-4ac3-913d-bf551e820d5c)
2026-01-09T09:18:35.705+07:00 DEBUG 21660 --- [AcademicService] [onnection-adder] com.zaxxer.hikari.pool.PoolBase          : HikariPool-1 - Established new connection (724336d0-5d81-4ac3-913d-bf551e820d5c)
2026-01-09T09:18:35.706+07:00 DEBUG 21660 --- [AcademicService] [onnection-adder] com.zaxxer.hikari.pool.HikariPool        : HikariPool-1 - Added connection com.mysql.cj.jdbc.ConnectionImpl@4c93004d
2026-01-09T09:18:35.736+07:00  INFO 21660 --- [AcademicService] [           main] org.hibernate.Version                    : HHH000412: Hibernate ORM core version 6.6.29.Final
2026-01-09T09:18:35.748+07:00 DEBUG 21660 --- [AcademicService] [onnection-adder] com.zaxxer.hikari.pool.HikariPool        : HikariPool-1 - After adding stats (total=5/10, idle=5/10, active=0, waiting=0)
2026-01-09T09:18:35.748+07:00 DEBUG 21660 --- [AcademicService] [onnection-adder] com.zaxxer.hikari.pool.PoolBase          : HikariPool-1 - Attempting to create/setup new connection (d0d54c12-dce4-4735-9b31-0106a5eb3b37)
2026-01-09T09:18:35.752+07:00 DEBUG 21660 --- [AcademicService] [onnection-adder] com.zaxxer.hikari.pool.PoolBase          : HikariPool-1 - Established new connection (d0d54c12-dce4-4735-9b31-0106a5eb3b37)
2026-01-09T09:18:35.752+07:00 DEBUG 21660 --- [AcademicService] [onnection-adder] com.zaxxer.hikari.pool.HikariPool        : HikariPool-1 - Added connection com.mysql.cj.jdbc.ConnectionImpl@153a1128
2026-01-09T09:18:35.764+07:00  INFO 21660 --- [AcademicService] [           main] o.h.c.internal.RegionFactoryInitiator    : HHH000026: Second-level cache disabled
2026-01-09T09:18:35.794+07:00 DEBUG 21660 --- [AcademicService] [onnection-adder] com.zaxxer.hikari.pool.HikariPool        : HikariPool-1 - After adding stats (total=6/10, idle=6/10, active=0, waiting=0)
2026-01-09T09:18:35.794+07:00 DEBUG 21660 --- [AcademicService] [onnection-adder] com.zaxxer.hikari.pool.PoolBase          : HikariPool-1 - Attempting to create/setup new connection (485a81ca-0c21-4efc-9bba-eeebfc8faf60)
2026-01-09T09:18:35.799+07:00 DEBUG 21660 --- [AcademicService] [onnection-adder] com.zaxxer.hikari.pool.PoolBase          : HikariPool-1 - Established new connection (485a81ca-0c21-4efc-9bba-eeebfc8faf60)
2026-01-09T09:18:35.799+07:00 DEBUG 21660 --- [AcademicService] [onnection-adder] com.zaxxer.hikari.pool.HikariPool        : HikariPool-1 - Added connection com.mysql.cj.jdbc.ConnectionImpl@11a9780c
2026-01-09T09:18:35.841+07:00 DEBUG 21660 --- [AcademicService] [onnection-adder] com.zaxxer.hikari.pool.HikariPool        : HikariPool-1 - After adding stats (total=7/10, idle=7/10, active=0, waiting=0)
2026-01-09T09:18:35.841+07:00 DEBUG 21660 --- [AcademicService] [onnection-adder] com.zaxxer.hikari.pool.PoolBase          : HikariPool-1 - Attempting to create/setup new connection (d43107ec-3c41-4109-b28c-3961df49ca82)
2026-01-09T09:18:35.846+07:00 DEBUG 21660 --- [AcademicService] [onnection-adder] com.zaxxer.hikari.pool.PoolBase          : HikariPool-1 - Established new connection (d43107ec-3c41-4109-b28c-3961df49ca82)
2026-01-09T09:18:35.846+07:00 DEBUG 21660 --- [AcademicService] [onnection-adder] com.zaxxer.hikari.pool.HikariPool        : HikariPool-1 - Added connection com.mysql.cj.jdbc.ConnectionImpl@317502d7
2026-01-09T09:18:35.891+07:00 DEBUG 21660 --- [AcademicService] [onnection-adder] com.zaxxer.hikari.pool.HikariPool        : HikariPool-1 - After adding stats (total=8/10, idle=8/10, active=0, waiting=0)
2026-01-09T09:18:35.891+07:00 DEBUG 21660 --- [AcademicService] [onnection-adder] com.zaxxer.hikari.pool.PoolBase          : HikariPool-1 - Attempting to create/setup new connection (a699e850-9b7e-4a4a-bf2b-3d7e17ba6efd)
2026-01-09T09:18:35.896+07:00 DEBUG 21660 --- [AcademicService] [onnection-adder] com.zaxxer.hikari.pool.PoolBase          : HikariPool-1 - Established new connection (a699e850-9b7e-4a4a-bf2b-3d7e17ba6efd)
2026-01-09T09:18:35.896+07:00 DEBUG 21660 --- [AcademicService] [onnection-adder] com.zaxxer.hikari.pool.HikariPool        : HikariPool-1 - Added connection com.mysql.cj.jdbc.ConnectionImpl@4a47fe4e
2026-01-09T09:18:35.935+07:00 DEBUG 21660 --- [AcademicService] [onnection-adder] com.zaxxer.hikari.pool.HikariPool        : HikariPool-1 - After adding stats (total=9/10, idle=9/10, active=0, waiting=0)
2026-01-09T09:18:35.935+07:00 DEBUG 21660 --- [AcademicService] [onnection-adder] com.zaxxer.hikari.pool.PoolBase          : HikariPool-1 - Attempting to create/setup new connection (b629dd03-2c16-40b2-aac9-14fa4af37596)
2026-01-09T09:18:35.941+07:00 DEBUG 21660 --- [AcademicService] [onnection-adder] com.zaxxer.hikari.pool.PoolBase          : HikariPool-1 - Established new connection (b629dd03-2c16-40b2-aac9-14fa4af37596)
2026-01-09T09:18:35.941+07:00 DEBUG 21660 --- [AcademicService] [onnection-adder] com.zaxxer.hikari.pool.HikariPool        : HikariPool-1 - Added connection com.mysql.cj.jdbc.ConnectionImpl@38a44660
2026-01-09T09:18:35.955+07:00  INFO 21660 --- [AcademicService] [           main] o.s.o.j.p.SpringPersistenceUnitInfo      : No LoadTimeWeaver setup: ignoring JPA class transformer
2026-01-09T09:18:35.982+07:00 DEBUG 21660 --- [AcademicService] [onnection-adder] com.zaxxer.hikari.pool.HikariPool        : HikariPool-1 - After adding stats (total=10/10, idle=9/10, active=1, waiting=0)
2026-01-09T09:18:35.982+07:00 DEBUG 21660 --- [AcademicService] [onnection-adder] com.zaxxer.hikari.pool.HikariPool        : HikariPool-1 - Connection not added, stats (total=10/10, idle=9/10, active=1, waiting=0)
2026-01-09T09:18:35.988+07:00  WARN 21660 --- [AcademicService] [           main] org.hibernate.orm.deprecation            : HHH90000025: MySQL8Dialect does not need to be specified explicitly using 'hibernate.dialect' (remove the property setting and it will be selected by default)
2026-01-09T09:18:35.989+07:00  WARN 21660 --- [AcademicService] [           main] org.hibernate.orm.deprecation            : HHH90000026: MySQL8Dialect has been deprecated; use org.hibernate.dialect.MySQLDialect instead
2026-01-09T09:18:35.997+07:00  INFO 21660 --- [AcademicService] [           main] org.hibernate.orm.connections.pooling    : HHH10001005: Database info:
	Database JDBC URL [Connecting through datasource 'HikariDataSource (HikariPool-1)']
	Database driver: undefined/unknown
	Database version: 8.0
	Autocommit mode: undefined/unknown
	Isolation level: undefined/unknown
	Minimum pool size: undefined/unknown
	Maximum pool size: undefined/unknown
2026-01-09T09:18:36.623+07:00  INFO 21660 --- [AcademicService] [           main] o.h.e.t.j.p.i.JtaPlatformInitiator       : HHH000489: No JTA platform available (set 'hibernate.transaction.jta.platform' to enable JTA platform integration)
2026-01-09T09:18:36.625+07:00  INFO 21660 --- [AcademicService] [           main] j.LocalContainerEntityManagerFactoryBean : Initialized JPA EntityManagerFactory for persistence unit 'default'
2026-01-09T09:18:37.072+07:00  WARN 21660 --- [AcademicService] [           main] JpaBaseConfiguration$JpaWebConfiguration : spring.jpa.open-in-view is enabled by default. Therefore, database queries may be performed during view rendering. Explicitly configure spring.jpa.open-in-view to disable this warning
2026-01-09T09:18:37.796+07:00  INFO 21660 --- [AcademicService] [           main] c.e.a.AcademicServiceApplicationTests    : Started AcademicServiceApplicationTests in 4.35 seconds (process running for 5.094)
]]></system-out>
    <system-err><![CDATA[Mockito is currently self-attaching to enable the inline-mock-maker. This will no longer work in future releases of the JDK. Please add Mockito as an agent to your build as described in Mockito's documentation: https://javadoc.io/doc/org.mockito/mockito-core/latest/org.mockito/org/mockito/Mockito.html#0.3
WARNING: A Java agent has been loaded dynamically (C:\Users\Nguyen Van Hao\.m2\repository\net\bytebuddy\byte-buddy-agent\1.17.7\byte-buddy-agent-1.17.7.jar)
WARNING: If a serviceability tool is in use, please run with -XX:+EnableDynamicAgentLoading to hide this warning
WARNING: If a serviceability tool is not in use, please run with -Djdk.instrument.traceUsage for more information
WARNING: Dynamic loading of agents will be disallowed by default in a future release
]]></system-err>
  </testcase>
</testsuite>